producer_class	xtools.gsea.Gsea
producer_timestamp	1534595192524
param	collapse	true
param	cls	input/GSE19161.cls#EIF4G2
param	plot_top_x	20
param	norm	meandiv
param	save_rnd_lists	false
param	median	false
param	num	100
param	scoring_scheme	weighted
param	make_sets	true
param	mode	Max_probe
param	gmx	gseaftp.broadinstitute.org://pub/gsea/gene_sets_final/h.all.v6.2.symbols.gmt
param	gui	false
param	chip	input/GSE19161.chip
param	metric	Pearson
param	rpt_label	my_analysis
param	help	false
param	order	descending
param	out	/media/computer/work/docker/gsea/data/output
param	create_svgs	false
param	permute	phenotype
param	rnd_type	no_balance
param	set_min	15
param	include_only_symbols	true
param	sort	real
param	create_gcts	false
param	rnd_seed	timestamp
param	nperm	1000
param	zip_report	false
param	set_max	500
param	res	/media/computer/work/docker/gsea/data/input/GSE19161.txt

file	output/my_analysis.Gsea.1534595192524/index.html
